<?xml version="1.0" encoding="UTF-8"?>
<!-- Generated by org.testng.reporters.JUnitReportReporter -->
<testsuite hostname="REGZA" failures="0" tests="1" name="UI.readxml" time="5.450" errors="0" timestamp="2023-04-27T12:50:29 EAST" skipped="0">
  <testcase classname="UI.readxml" name="dd" time="5.450"/>
  <system-out/>
</testsuite> <!-- UI.readxml -->
