<?xml version="1.0" encoding="UTF-8"?>
<!-- Generated by org.testng.reporters.JUnitReportReporter -->
<testsuite hostname="REGZA" failures="0" tests="1" name="UI.dbconctn" time="0.514" errors="0" timestamp="2023-04-26T11:08:41 EAST" skipped="0">
  <testcase classname="UI.dbconctn" name="Execute" time="0.514"/>
  <system-out/>
</testsuite> <!-- UI.dbconctn -->
