<?xml version="1.0" encoding="UTF-8"?>
<!-- Generated by org.testng.reporters.JUnitReportReporter -->
<testsuite hostname="REGZA" failures="0" tests="3" name="UI.skipdemo" time="0.014" errors="0" timestamp="2023-04-21T16:23:26 EAST" skipped="3">
  <testcase classname="UI.skipdemo" name="file3" time="0.001">
    <skipped/>
  </testcase> <!-- file3 -->
  <system-out/>
  <testcase classname="UI.skipdemo" name="file2" time="0.013">
    <skipped/>
  </testcase> <!-- file2 -->
  <system-out/>
  <testcase classname="UI.skipdemo" name="file">
    <skipped/>
  </testcase> <!-- file -->
  <system-out/>
</testsuite> <!-- UI.skipdemo -->
