<?xml version="1.0" encoding="UTF-8"?>
<!-- Generated by org.testng.reporters.JUnitReportReporter -->
<testsuite hostname="REGZA" failures="0" tests="6" name="UI.dataprovider" time="0.012" errors="0" timestamp="2023-04-26T22:26:09 EAST" skipped="0">
  <testcase classname="UI.dataprovider" name="run" time="0.001"/>
  <system-out/>
  <testcase classname="UI.dataprovider" name="run" time="0.007"/>
  <system-out/>
  <testcase classname="UI.dataprovider" name="view" time="0.001"/>
  <system-out/>
  <testcase classname="UI.dataprovider" name="view" time="0.001"/>
  <system-out/>
  <testcase classname="UI.dataprovider" name="view" time="0.001"/>
  <system-out/>
  <testcase classname="UI.dataprovider" name="view" time="0.001"/>
  <system-out/>
</testsuite> <!-- UI.dataprovider -->
