<?xml version="1.0" encoding="UTF-8"?>
<!-- Generated by org.testng.reporters.JUnitReportReporter -->
<testsuite hostname="REGZA" failures="0" tests="4" name="UI.datapr" time="0.012" errors="0" timestamp="2023-04-27T06:29:04 EAST" skipped="0">
  <testcase classname="UI.datapr" name="ftn" time="0.010"/>
  <system-out/>
  <testcase classname="UI.datapr" name="ftn" time="0.001"/>
  <system-out/>
  <testcase classname="UI.datapr" name="show" time="0.001"/>
  <system-out/>
  <testcase classname="UI.datapr" name="show" time="0.000"/>
  <system-out/>
</testsuite> <!-- UI.datapr -->
