<?xml version="1.0" encoding="UTF-8"?>
<!-- Generated by org.testng.reporters.JUnitReportReporter -->
<testsuite hostname="REGZA" failures="0" tests="10" name="UI.singledatap" time="0.012" errors="0" timestamp="2023-04-27T10:58:24 EAST" skipped="0">
  <testcase classname="UI.singledatap" name="test3" time="0.001"/>
  <system-out/>
  <testcase classname="UI.singledatap" name="test3" time="0.001"/>
  <system-out/>
  <testcase classname="UI.singledatap" name="show" time="0.004"/>
  <system-out/>
  <testcase classname="UI.singledatap" name="test3" time="0.001"/>
  <system-out/>
  <testcase classname="UI.singledatap" name="show" time="0.001"/>
  <system-out/>
  <testcase classname="UI.singledatap" name="test1" time="0.001"/>
  <system-out/>
  <testcase classname="UI.singledatap" name="test2" time="0.001"/>
  <system-out/>
  <testcase classname="UI.singledatap" name="test1" time="0.001"/>
  <system-out/>
  <testcase classname="UI.singledatap" name="test2" time="0.000"/>
  <system-out/>
  <testcase classname="UI.singledatap" name="test1" time="0.001"/>
  <system-out/>
</testsuite> <!-- UI.singledatap -->
