<?xml version="1.0" encoding="UTF-8"?>
<!-- Generated by org.testng.reporters.JUnitReportReporter -->
<testsuite hostname="REGZA" failures="0" tests="1" name="UI.b4grpnclass" time="0.010" errors="0" timestamp="2023-04-21T16:55:47 EAST" skipped="0">
  <testcase classname="UI.b4grpnclass" name="sample3" time="0.010"/>
  <system-out/>
</testsuite> <!-- UI.b4grpnclass -->
