<?xml version="1.0" encoding="UTF-8"?>
<!-- Generated by org.testng.reporters.JUnitReportReporter -->
<testsuite hostname="REGZA" failures="0" tests="2" name="UI.testmethod" time="0.005" errors="0" timestamp="2023-04-21T17:21:55 EAST" skipped="0">
  <testcase classname="UI.testmethod" name="test1" time="0.002"/>
  <system-out/>
  <testcase classname="UI.testmethod" name="test2" time="0.003"/>
  <system-out/>
</testsuite> <!-- UI.testmethod -->
