<?xml version="1.0" encoding="UTF-8"?>
<!-- Generated by org.testng.reporters.JUnitReportReporter -->
<testsuite hostname="REGZA" failures="0" tests="2" name="UI.verifydatap" time="8.372" errors="0" timestamp="2023-04-27T06:44:29 EAST" skipped="0">
  <testcase classname="UI.verifydatap" name="display" time="2.415"/>
  <system-out/>
  <testcase classname="UI.verifydatap" name="display" time="5.957"/>
  <system-out/>
</testsuite> <!-- UI.verifydatap -->
