<?xml version="1.0" encoding="UTF-8"?>
<!-- Generated by org.testng.reporters.JUnitReportReporter -->
<testsuite hostname="REGZA" failures="0" tests="2" name="UI.login" time="0.008" errors="0" timestamp="2023-04-21T17:21:55 EAST" skipped="0">
  <testcase classname="UI.login" name="xapple" time="0.007"/>
  <system-out/>
  <testcase classname="UI.login" name="aboginTest" time="0.001"/>
  <system-out/>
</testsuite> <!-- UI.login -->
