<?xml version="1.0" encoding="UTF-8"?>
<!-- Generated by org.testng.reporters.JUnitReportReporter -->
<testsuite hostname="REGZA" failures="0" tests="4" name="UI.groupdemo" time="0.003" errors="0" timestamp="2023-04-27T18:10:19 EAST" skipped="0">
  <testcase classname="UI.groupdemo" name="validate" time="0.000"/>
  <system-out/>
  <testcase classname="UI.groupdemo" name="demo" time="0.001"/>
  <system-out/>
  <testcase classname="UI.groupdemo" name="find" time="0.001"/>
  <system-out/>
  <testcase classname="UI.groupdemo" name="clear" time="0.001"/>
  <system-out/>
</testsuite> <!-- UI.groupdemo -->
